error when starting dev server:
Error: Port 8080 is already in use
    at Server.onError (file:///home/devbox/project/frontend/node_modules/vite/dist/node/chunks/dep-DBxKXgDP.js:25023:18)
    at Server.emit (node:events:524:28)
    at emitErrorNT (node:net:1944:8)
    at process.processTicksAndRejections (node:internal/process/task_queues:82:21)
error when starting dev server:
Error: Port 8080 is already in use
    at Server.onError (file:///home/devbox/project/frontend/node_modules/vite/dist/node/chunks/dep-DBxKXgDP.js:25023:18)
    at Server.emit (node:events:524:28)
    at emitErrorNT (node:net:1944:8)
    at process.processTicksAndRejections (node:internal/process/task_queues:82:21)
error when starting dev server:
Error: Port 8080 is already in use
    at Server.onError (file:///home/devbox/project/frontend/node_modules/vite/dist/node/chunks/dep-DBxKXgDP.js:25023:18)
    at Server.emit (node:events:524:28)
    at emitErrorNT (node:net:1944:8)
    at process.processTicksAndRejections (node:internal/process/task_queues:82:21)
error when starting dev server:
Error: Port 8080 is already in use
    at Server.onError (file:///home/devbox/project/frontend/node_modules/vite/dist/node/chunks/dep-DBxKXgDP.js:25023:18)
    at Server.emit (node:events:524:28)
    at emitErrorNT (node:net:1944:8)
    at process.processTicksAndRejections (node:internal/process/task_queues:82:21)
error when starting dev server:
Error: Port 8080 is already in use
    at Server.onError (file:///home/devbox/project/frontend/node_modules/vite/dist/node/chunks/dep-DBxKXgDP.js:25023:18)
    at Server.emit (node:events:524:28)
    at emitErrorNT (node:net:1944:8)
    at process.processTicksAndRejections (node:internal/process/task_queues:82:21)
error when starting dev server:
Error: Port 8080 is already in use
    at Server.onError (file:///home/devbox/project/frontend/node_modules/vite/dist/node/chunks/dep-DBxKXgDP.js:25023:18)
    at Server.emit (node:events:524:28)
    at emitErrorNT (node:net:1944:8)
    at process.processTicksAndRejections (node:internal/process/task_queues:82:21)
error when starting dev server:
Error: Port 8080 is already in use
    at Server.onError (file:///home/devbox/project/frontend/node_modules/vite/dist/node/chunks/dep-DBxKXgDP.js:25023:18)
    at Server.emit (node:events:524:28)
    at emitErrorNT (node:net:1944:8)
    at process.processTicksAndRejections (node:internal/process/task_queues:82:21)
error when starting dev server:
Error: Port 8080 is already in use
    at Server.onError (file:///home/devbox/project/frontend/node_modules/vite/dist/node/chunks/dep-DBxKXgDP.js:25023:18)
    at Server.emit (node:events:524:28)
    at emitErrorNT (node:net:1944:8)
    at process.processTicksAndRejections (node:internal/process/task_queues:82:21)
error when starting dev server:
Error: Port 8080 is already in use
    at Server.onError (file:///home/devbox/project/frontend/node_modules/vite/dist/node/chunks/dep-DBxKXgDP.js:25023:18)
    at Server.emit (node:events:524:28)
    at emitErrorNT (node:net:1944:8)
    at process.processTicksAndRejections (node:internal/process/task_queues:82:21)
error when starting dev server:
Error: Port 8080 is already in use
    at Server.onError (file:///home/devbox/project/frontend/node_modules/vite/dist/node/chunks/dep-DBxKXgDP.js:25023:18)
    at Server.emit (node:events:524:28)
    at emitErrorNT (node:net:1944:8)
    at process.processTicksAndRejections (node:internal/process/task_queues:82:21)
error when starting dev server:
Error: Port 8080 is already in use
    at Server.onError (file:///home/devbox/project/frontend/node_modules/vite/dist/node/chunks/dep-DBxKXgDP.js:25023:18)
    at Server.emit (node:events:524:28)
    at emitErrorNT (node:net:1944:8)
    at process.processTicksAndRejections (node:internal/process/task_queues:82:21)
error when starting dev server:
Error: Port 8080 is already in use
    at Server.onError (file:///home/devbox/project/frontend/node_modules/vite/dist/node/chunks/dep-DBxKXgDP.js:25023:18)
    at Server.emit (node:events:524:28)
    at emitErrorNT (node:net:1944:8)
    at process.processTicksAndRejections (node:internal/process/task_queues:82:21)
error when starting dev server:
Error: Port 8080 is already in use
    at Server.onError (file:///home/devbox/project/frontend/node_modules/vite/dist/node/chunks/dep-DBxKXgDP.js:25023:18)
    at Server.emit (node:events:524:28)
    at emitErrorNT (node:net:1944:8)
    at process.processTicksAndRejections (node:internal/process/task_queues:82:21)
error when starting dev server:
Error: Port 8080 is already in use
    at Server.onError (file:///home/devbox/project/frontend/node_modules/vite/dist/node/chunks/dep-DBxKXgDP.js:25023:18)
    at Server.emit (node:events:524:28)
    at emitErrorNT (node:net:1944:8)
    at process.processTicksAndRejections (node:internal/process/task_queues:82:21)
error when starting dev server:
Error: Port 8080 is already in use
    at Server.onError (file:///home/devbox/project/frontend/node_modules/vite/dist/node/chunks/dep-DBxKXgDP.js:25023:18)
    at Server.emit (node:events:524:28)
    at emitErrorNT (node:net:1944:8)
    at process.processTicksAndRejections (node:internal/process/task_queues:82:21)
error when starting dev server:
Error: Port 8080 is already in use
    at Server.onError (file:///home/devbox/project/frontend/node_modules/vite/dist/node/chunks/dep-DBxKXgDP.js:25023:18)
    at Server.emit (node:events:524:28)
    at emitErrorNT (node:net:1944:8)
    at process.processTicksAndRejections (node:internal/process/task_queues:82:21)
