[2025-08-19 17:26:58] [INFO] 开始执行完整自动清理
[2025-08-19 17:26:58] [INFO] 已创建清理前备份: ./backups/cleanup-20250819-172658
[2025-08-19 17:26:58] [INFO] 开始清理应用日志文件
[2025-08-19 17:26:58] [INFO] 已删除过期日志: ./logs/environment-verification.log (0MB)
[2025-08-19 17:26:58] [INFO] 已压缩日志: ./logs/health-test.log
[2025-08-19 17:26:58] [INFO] 已压缩日志: ./logs/backend.log
[2025-08-19 17:26:58] [INFO] 应用日志清理完成 - 清理文件: 1, 释放空间: 0MB
[2025-08-19 17:26:58] [INFO] 开始清理PM2日志
[2025-08-19 17:26:58] [INFO] PM2日志文件清理完成 - 清理文件: 0
[2025-08-19 17:26:58] [INFO] 已刷新PM2日志缓冲区
[2025-08-19 17:26:58] [INFO] 开始清理缓存文件
[2025-08-19 17:26:58] [INFO] 缓存文件清理完成 - 清理文件: 0, 释放空间: 0MB
[2025-08-19 17:26:58] [INFO] 开始清理临时文件
[2025-08-19 17:26:58] [INFO] 临时文件清理完成 - 清理文件: 0, 释放空间: 0MB
[2025-08-19 17:26:58] [INFO] 完整自动清理执行完成
[2025-08-19 17:27:25] [INFO] 开始清理缓存文件
[2025-08-19 17:27:25] [INFO] 缓存文件清理完成 - 清理文件: 0, 释放空间: 0MB
[2025-08-19 17:29:00] [INFO] 开始执行完整自动清理
[2025-08-19 17:29:00] [INFO] 已创建清理前备份: ./backups/cleanup-20250819-172900
[2025-08-19 17:29:00] [INFO] 开始清理应用日志文件
[2025-08-19 17:29:00] [INFO] 应用日志清理完成 - 清理文件: 0, 释放空间: 0MB
[2025-08-19 17:29:00] [INFO] 开始清理PM2日志
[2025-08-19 17:29:00] [INFO] PM2日志文件清理完成 - 清理文件: 0
[2025-08-19 17:29:00] [INFO] 已刷新PM2日志缓冲区
[2025-08-19 17:29:00] [INFO] 开始清理缓存文件
[2025-08-19 17:29:00] [INFO] 缓存文件清理完成 - 清理文件: 0, 释放空间: 0MB
[2025-08-19 17:29:00] [INFO] 开始清理临时文件
[2025-08-19 17:29:00] [INFO] 临时文件清理完成 - 清理文件: 0, 释放空间: 0MB
[2025-08-19 17:29:00] [INFO] 完整自动清理执行完成
[2025-08-19 17:29:00] [INFO] 开始清理缓存文件
[2025-08-19 17:29:00] [INFO] 缓存文件清理完成 - 清理文件: 0, 释放空间: 0MB
[2025-08-19 17:29:00] [INFO] 开始清理临时文件
[2025-08-19 17:29:00] [INFO] 临时文件清理完成 - 清理文件: 0, 释放空间: 0MB
